  [1m[35m (251.0ms)[0m  [1m[35mCREATE DATABASE "tracking_app_api_development" ENCODING = 'unicode'[0m
  [1m[35m (82.5ms)[0m  [1m[35mCREATE DATABASE "tracking_app_api_test" ENCODING = 'unicode'[0m
  [1m[35m (22.4ms)[0m  [1m[35mCREATE TABLE "schema_migrations" ("version" character varying NOT NULL PRIMARY KEY)[0m
  [1m[35m (25.7ms)[0m  [1m[35mCREATE TABLE "ar_internal_metadata" ("key" character varying NOT NULL PRIMARY KEY, "value" character varying, "created_at" timestamp(6) NOT NULL, "updated_at" timestamp(6) NOT NULL)[0m
  [1m[35m (0.2ms)[0m  [1m[34mSELECT pg_try_advisory_lock(254342926499271120)[0m
  [1m[35m (0.7ms)[0m  [1m[34mSELECT "schema_migrations"."version" FROM "schema_migrations" ORDER BY "schema_migrations"."version" ASC[0m
Migrating to CreateUsers (20210730131845)
  [1m[36mTRANSACTION (0.1ms)[0m  [1m[35mBEGIN[0m
  [1m[35m (14.9ms)[0m  [1m[35mCREATE TABLE "users" ("id" bigserial primary key, "username" character varying NOT NULL, "password_digest" character varying, "admin" boolean DEFAULT FALSE, "created_at" timestamp(6) NOT NULL, "updated_at" timestamp(6) NOT NULL)[0m
  [1m[36mActiveRecord::SchemaMigration Create (0.5ms)[0m  [1m[32mINSERT INTO "schema_migrations" ("version") VALUES ($1) RETURNING "version"[0m  [["version", "20210730131845"]]
  [1m[36mTRANSACTION (0.4ms)[0m  [1m[35mCOMMIT[0m
Migrating to CreateItems (20210730133027)
  [1m[36mTRANSACTION (6.0ms)[0m  [1m[35mBEGIN[0m
  [1m[35m (18.2ms)[0m  [1m[35mCREATE TABLE "items" ("id" bigserial primary key, "title" character varying, "unit" character varying, "icon" character varying, "target" integer, "created_at" timestamp(6) NOT NULL, "updated_at" timestamp(6) NOT NULL)[0m
  [1m[36mActiveRecord::SchemaMigration Create (0.2ms)[0m  [1m[32mINSERT INTO "schema_migrations" ("version") VALUES ($1) RETURNING "version"[0m  [["version", "20210730133027"]]
  [1m[36mTRANSACTION (0.3ms)[0m  [1m[35mCOMMIT[0m
Migrating to CreateRecords (20210730133432)
  [1m[36mTRANSACTION (6.0ms)[0m  [1m[35mBEGIN[0m
  [1m[35m (19.7ms)[0m  [1m[35mCREATE TABLE "records" ("id" bigserial primary key, "result" integer NOT NULL, "user_id" bigint NOT NULL, "item_id" bigint NOT NULL, "date" character varying NOT NULL, "created_at" timestamp(6) NOT NULL, "updated_at" timestamp(6) NOT NULL, CONSTRAINT "fk_rails_9ba3ba9afc"
FOREIGN KEY ("user_id")
  REFERENCES "users" ("id")
, CONSTRAINT "fk_rails_14cc2919d7"
FOREIGN KEY ("item_id")
  REFERENCES "items" ("id")
)[0m
  [1m[35m (0.9ms)[0m  [1m[35mCREATE INDEX "index_records_on_user_id" ON "records" ("user_id")[0m
  [1m[35m (1.0ms)[0m  [1m[35mCREATE INDEX "index_records_on_item_id" ON "records" ("item_id")[0m
  [1m[36mActiveRecord::SchemaMigration Create (0.4ms)[0m  [1m[32mINSERT INTO "schema_migrations" ("version") VALUES ($1) RETURNING "version"[0m  [["version", "20210730133432"]]
  [1m[36mTRANSACTION (0.5ms)[0m  [1m[35mCOMMIT[0m
  [1m[36mActiveRecord::InternalMetadata Load (0.3ms)[0m  [1m[34mSELECT "ar_internal_metadata".* FROM "ar_internal_metadata" WHERE "ar_internal_metadata"."key" = $1 LIMIT $2[0m  [["key", "environment"], ["LIMIT", 1]]
  [1m[36mTRANSACTION (0.1ms)[0m  [1m[35mBEGIN[0m
  [1m[36mActiveRecord::InternalMetadata Create (0.5ms)[0m  [1m[32mINSERT INTO "ar_internal_metadata" ("key", "value", "created_at", "updated_at") VALUES ($1, $2, $3, $4) RETURNING "key"[0m  [["key", "environment"], ["value", "development"], ["created_at", "2021-10-07 08:35:01.480551"], ["updated_at", "2021-10-07 08:35:01.480551"]]
  [1m[36mTRANSACTION (6.0ms)[0m  [1m[35mCOMMIT[0m
  [1m[35m (0.3ms)[0m  [1m[34mSELECT pg_advisory_unlock(254342926499271120)[0m
  [1m[35m (0.8ms)[0m  [1m[34mSELECT "schema_migrations"."version" FROM "schema_migrations" ORDER BY "schema_migrations"."version" ASC[0m
Started GET "/" for ::1 at 2021-10-07 09:36:36 +0100
  [1m[35m (0.7ms)[0m  [1m[34mSELECT "schema_migrations"."version" FROM "schema_migrations" ORDER BY "schema_migrations"."version" ASC[0m
Processing by Rails::WelcomeController#index as HTML
  Rendering /Library/Ruby/Gems/2.6.0/gems/railties-6.1.4.1/lib/rails/templates/rails/welcome/index.html.erb
  Rendered /Library/Ruby/Gems/2.6.0/gems/railties-6.1.4.1/lib/rails/templates/rails/welcome/index.html.erb (Duration: 14.7ms | Allocations: 480)
Completed 200 OK in 51ms (Views: 28.9ms | ActiveRecord: 0.0ms | Allocations: 4131)


Started GET "/favicon.ico" for ::1 at 2021-10-07 09:36:40 +0100
  
ActionController::RoutingError (No route matches [GET] "/favicon.ico"):
  
Started GET "/" for ::1 at 2021-10-07 09:36:45 +0100
Processing by Rails::WelcomeController#index as HTML
  Rendering /Library/Ruby/Gems/2.6.0/gems/railties-6.1.4.1/lib/rails/templates/rails/welcome/index.html.erb
  Rendered /Library/Ruby/Gems/2.6.0/gems/railties-6.1.4.1/lib/rails/templates/rails/welcome/index.html.erb (Duration: 8.3ms | Allocations: 191)
Completed 200 OK in 11ms (Views: 9.5ms | ActiveRecord: 0.0ms | Allocations: 752)


Started GET "/api/v1/users" for ::1 at 2021-10-07 09:37:14 +0100
  
ActionController::RoutingError (No route matches [GET] "/api/v1/users"):
  
  [1m[36mUser Load (6.9ms)[0m  [1m[34mSELECT "users".* FROM "users" /* loading for inspect */ LIMIT $1[0m  [["LIMIT", 11]]
  [1m[36mTRANSACTION (0.2ms)[0m  [1m[35mBEGIN[0m
  [1m[36mUser Exists? (0.5ms)[0m  [1m[34mSELECT 1 AS one FROM "users" WHERE "users"."username" = $1 LIMIT $2[0m  [["username", "bellom"], ["LIMIT", 1]]
  [1m[36mTRANSACTION (0.1ms)[0m  [1m[31mROLLBACK[0m
  [1m[36mUser Load (0.4ms)[0m  [1m[34mSELECT "users".* FROM "users" /* loading for inspect */ LIMIT $1[0m  [["LIMIT", 11]]
  [1m[36mTRANSACTION (0.2ms)[0m  [1m[35mBEGIN[0m
  [1m[36mUser Exists? (0.5ms)[0m  [1m[34mSELECT 1 AS one FROM "users" WHERE "users"."username" = $1 LIMIT $2[0m  [["username", "bellom"], ["LIMIT", 1]]
  [1m[36mTRANSACTION (0.3ms)[0m  [1m[31mROLLBACK[0m
  [1m[36mTRANSACTION (0.2ms)[0m  [1m[35mBEGIN[0m
  [1m[36mUser Exists? (0.5ms)[0m  [1m[34mSELECT 1 AS one FROM "users" WHERE "users"."username" = $1 LIMIT $2[0m  [["username", "bellom"], ["LIMIT", 1]]
  [1m[36mTRANSACTION (0.2ms)[0m  [1m[31mROLLBACK[0m
  [1m[36mUser Load (0.3ms)[0m  [1m[34mSELECT "users".* FROM "users" /* loading for inspect */ LIMIT $1[0m  [["LIMIT", 11]]
  [1m[36mTRANSACTION (0.2ms)[0m  [1m[35mBEGIN[0m
  [1m[36mUser Exists? (0.7ms)[0m  [1m[34mSELECT 1 AS one FROM "users" WHERE "users"."username" = $1 LIMIT $2[0m  [["username", "bellom"], ["LIMIT", 1]]
  [1m[36mTRANSACTION (0.2ms)[0m  [1m[31mROLLBACK[0m
  [1m[36mTRANSACTION (0.2ms)[0m  [1m[35mBEGIN[0m
  [1m[36mUser Exists? (0.2ms)[0m  [1m[34mSELECT 1 AS one FROM "users" WHERE "users"."username" = $1 LIMIT $2[0m  [["username", "bellom"], ["LIMIT", 1]]
  [1m[36mUser Create (1.6ms)[0m  [1m[32mINSERT INTO "users" ("username", "password_digest", "admin", "created_at", "updated_at") VALUES ($1, $2, $3, $4, $5) RETURNING "id"[0m  [["username", "bellom"], ["password_digest", "$2a$12$drmg6c062duO4FdlZARxr.19EBYVoehgXB4EpvkzEjLOcKOYtsMbm"], ["admin", true], ["created_at", "2021-10-07 08:50:25.249808"], ["updated_at", "2021-10-07 08:50:25.249808"]]
  [1m[36mTRANSACTION (0.5ms)[0m  [1m[35mCOMMIT[0m
  [1m[36mTRANSACTION (0.2ms)[0m  [1m[35mBEGIN[0m
  [1m[36mUser Exists? (0.3ms)[0m  [1m[34mSELECT 1 AS one FROM "users" WHERE "users"."username" = $1 LIMIT $2[0m  [["username", "bellom"], ["LIMIT", 1]]
  [1m[36mTRANSACTION (0.2ms)[0m  [1m[31mROLLBACK[0m
  [1m[36mTRANSACTION (0.2ms)[0m  [1m[35mBEGIN[0m
  [1m[36mUser Exists? (0.3ms)[0m  [1m[34mSELECT 1 AS one FROM "users" WHERE "users"."username" = $1 LIMIT $2[0m  [["username", "bellom"], ["LIMIT", 1]]
  [1m[36mTRANSACTION (0.2ms)[0m  [1m[31mROLLBACK[0m
  [1m[36mTRANSACTION (0.2ms)[0m  [1m[35mBEGIN[0m
  [1m[36mUser Exists? (0.2ms)[0m  [1m[34mSELECT 1 AS one FROM "users" WHERE "users"."username" = $1 LIMIT $2[0m  [["username", "bellom1"], ["LIMIT", 1]]
  [1m[36mUser Create (0.3ms)[0m  [1m[32mINSERT INTO "users" ("username", "password_digest", "admin", "created_at", "updated_at") VALUES ($1, $2, $3, $4, $5) RETURNING "id"[0m  [["username", "bellom1"], ["password_digest", "$2a$12$vQgbp9QJAyLSTn5I87wFwe9cJPWXoMtGLRXvy4DtbZQ2E2LYlfCdS"], ["admin", true], ["created_at", "2021-10-07 08:51:08.857778"], ["updated_at", "2021-10-07 08:51:08.857778"]]
  [1m[36mTRANSACTION (0.9ms)[0m  [1m[35mCOMMIT[0m
  [1m[36mTRANSACTION (0.2ms)[0m  [1m[35mBEGIN[0m
  [1m[36mUser Exists? (0.3ms)[0m  [1m[34mSELECT 1 AS one FROM "users" WHERE "users"."username" = $1 LIMIT $2[0m  [["username", "bellom2"], ["LIMIT", 1]]
  [1m[36mUser Create (0.3ms)[0m  [1m[32mINSERT INTO "users" ("username", "password_digest", "admin", "created_at", "updated_at") VALUES ($1, $2, $3, $4, $5) RETURNING "id"[0m  [["username", "bellom2"], ["password_digest", "$2a$12$nIbz3Tt/NwQHe0xV65ZZ7.qSOGRgQ9tAZTzKGUZ1OLqgMFrHVV7Wi"], ["admin", true], ["created_at", "2021-10-07 08:51:27.172528"], ["updated_at", "2021-10-07 08:51:27.172528"]]
  [1m[36mTRANSACTION (0.9ms)[0m  [1m[35mCOMMIT[0m
  [1m[36mUser Load (0.2ms)[0m  [1m[34mSELECT "users".* FROM "users" /* loading for inspect */ LIMIT $1[0m  [["LIMIT", 11]]
  [1m[36mTRANSACTION (0.1ms)[0m  [1m[35mBEGIN[0m
  [1m[36mUser Exists? (0.7ms)[0m  [1m[34mSELECT 1 AS one FROM "users" WHERE "users"."username" = $1 LIMIT $2[0m  [["username", "bellom"], ["LIMIT", 1]]
  [1m[36mTRANSACTION (0.2ms)[0m  [1m[31mROLLBACK[0m
  [1m[36mTRANSACTION (0.2ms)[0m  [1m[35mBEGIN[0m
  [1m[36mUser Exists? (0.3ms)[0m  [1m[34mSELECT 1 AS one FROM "users" WHERE "users"."username" = $1 LIMIT $2[0m  [["username", "bellom3"], ["LIMIT", 1]]
  [1m[36mUser Create (0.5ms)[0m  [1m[32mINSERT INTO "users" ("username", "password_digest", "admin", "created_at", "updated_at") VALUES ($1, $2, $3, $4, $5) RETURNING "id"[0m  [["username", "bellom3"], ["password_digest", "$2a$12$O4ntJ4k828946gYs24dyX.u6XFAlKoJ8dE8UhIgkL0WJpgt82EwzS"], ["admin", true], ["created_at", "2021-10-07 08:52:25.820928"], ["updated_at", "2021-10-07 08:52:25.820928"]]
  [1m[36mTRANSACTION (1.0ms)[0m  [1m[35mCOMMIT[0m
  [1m[36mTRANSACTION (0.2ms)[0m  [1m[35mBEGIN[0m
  [1m[36mUser Exists? (0.3ms)[0m  [1m[34mSELECT 1 AS one FROM "users" WHERE "users"."username" = $1 LIMIT $2[0m  [["username", "bellom4"], ["LIMIT", 1]]
  [1m[36mUser Create (0.2ms)[0m  [1m[32mINSERT INTO "users" ("username", "password_digest", "created_at", "updated_at") VALUES ($1, $2, $3, $4) RETURNING "id"[0m  [["username", "bellom4"], ["password_digest", "$2a$12$jBzBsIO4fbM27oSsqtbv7.Fx9y6AL6jCggR733XS88VzQQAAaBs0S"], ["created_at", "2021-10-07 08:52:50.585700"], ["updated_at", "2021-10-07 08:52:50.585700"]]
  [1m[36mTRANSACTION (0.8ms)[0m  [1m[35mCOMMIT[0m
Started GET "/" for ::1 at 2021-10-07 09:54:24 +0100
Processing by Rails::WelcomeController#index as HTML
  Rendering /Library/Ruby/Gems/2.6.0/gems/railties-6.1.4.1/lib/rails/templates/rails/welcome/index.html.erb
  Rendered /Library/Ruby/Gems/2.6.0/gems/railties-6.1.4.1/lib/rails/templates/rails/welcome/index.html.erb (Duration: 0.8ms | Allocations: 7)
Completed 200 OK in 4ms (Views: 2.4ms | Allocations: 225)


Started GET "/api/v1/users/1" for ::1 at 2021-10-07 09:54:34 +0100
Processing by Api::V1::UsersController#show as HTML
  Parameters: {"id"=>"1"}
Filter chain halted as :authorized rendered or redirected
Completed 401 Unauthorized in 1ms (Views: 0.8ms | Allocations: 164)


Started POST "/api/v1" for ::1 at 2021-10-07 09:55:54 +0100
  
ActionController::RoutingError (No route matches [POST] "/api/v1"):
  
Started POST "/api/v1/users" for ::1 at 2021-10-07 09:56:22 +0100
Processing by Api::V1::UsersController#create as */*
  Parameters: {"username"=>"bellom5", "password"=>"[FILTERED]", "user"=>{"username"=>"bellom5"}}
  [1m[36mTRANSACTION (0.1ms)[0m  [1m[35mBEGIN[0m
  ↳ app/controllers/api/v1/users_controller.rb:14:in `create'
  [1m[36mUser Exists? (0.8ms)[0m  [1m[34mSELECT 1 AS one FROM "users" WHERE "users"."username" = $1 LIMIT $2[0m  [["username", "bellom5"], ["LIMIT", 1]]
  ↳ app/controllers/api/v1/users_controller.rb:14:in `create'
  [1m[36mTRANSACTION (0.1ms)[0m  [1m[31mROLLBACK[0m
  ↳ app/controllers/api/v1/users_controller.rb:14:in `create'
  [1m[36mUser Exists? (0.5ms)[0m  [1m[34mSELECT 1 AS one FROM "users" WHERE "users"."username" = $1 LIMIT $2[0m  [["username", "bellom5"], ["LIMIT", 1]]
  ↳ app/controllers/api/v1/users_controller.rb:16:in `create'
Completed 422 Unprocessable Entity in 36ms (Views: 0.2ms | ActiveRecord: 14.3ms | Allocations: 9796)


Started POST "/api/v1/user" for ::1 at 2021-10-07 09:56:40 +0100
  
ActionController::RoutingError (No route matches [POST] "/api/v1/user"):
  
Started POST "/api/v1/users" for ::1 at 2021-10-07 09:56:44 +0100
Processing by Api::V1::UsersController#create as */*
  Parameters: {"username"=>"bellom5", "password"=>"[FILTERED]", "user"=>{"username"=>"bellom5"}}
  [1m[36mTRANSACTION (0.2ms)[0m  [1m[35mBEGIN[0m
  ↳ app/controllers/api/v1/users_controller.rb:14:in `create'
  [1m[36mUser Exists? (0.9ms)[0m  [1m[34mSELECT 1 AS one FROM "users" WHERE "users"."username" = $1 LIMIT $2[0m  [["username", "bellom5"], ["LIMIT", 1]]
  ↳ app/controllers/api/v1/users_controller.rb:14:in `create'
  [1m[36mTRANSACTION (1.4ms)[0m  [1m[31mROLLBACK[0m
  ↳ app/controllers/api/v1/users_controller.rb:14:in `create'
  [1m[36mUser Exists? (1.3ms)[0m  [1m[34mSELECT 1 AS one FROM "users" WHERE "users"."username" = $1 LIMIT $2[0m  [["username", "bellom5"], ["LIMIT", 1]]
  ↳ app/controllers/api/v1/users_controller.rb:16:in `create'
Completed 422 Unprocessable Entity in 13ms (Views: 0.2ms | ActiveRecord: 3.8ms | Allocations: 3102)


Started POST "/api/v1/users" for ::1 at 2021-10-07 09:57:27 +0100
Processing by Api::V1::UsersController#create as */*
  Parameters: {"username"=>"bellom5", "password"=>"[FILTERED]", "user"=>{"username"=>"bellom5"}}
  [1m[36mTRANSACTION (0.2ms)[0m  [1m[35mBEGIN[0m
  ↳ app/controllers/api/v1/users_controller.rb:14:in `create'
  [1m[36mUser Exists? (0.3ms)[0m  [1m[34mSELECT 1 AS one FROM "users" WHERE "users"."username" = $1 LIMIT $2[0m  [["username", "bellom5"], ["LIMIT", 1]]
  ↳ app/controllers/api/v1/users_controller.rb:14:in `create'
  [1m[36mTRANSACTION (0.2ms)[0m  [1m[31mROLLBACK[0m
  ↳ app/controllers/api/v1/users_controller.rb:14:in `create'
  [1m[36mUser Exists? (0.3ms)[0m  [1m[34mSELECT 1 AS one FROM "users" WHERE "users"."username" = $1 LIMIT $2[0m  [["username", "bellom5"], ["LIMIT", 1]]
  ↳ app/controllers/api/v1/users_controller.rb:16:in `create'
Completed 422 Unprocessable Entity in 7ms (Views: 0.2ms | ActiveRecord: 0.9ms | Allocations: 3085)


Started POST "/api/v1/users" for ::1 at 2021-10-07 09:57:47 +0100
Processing by Api::V1::UsersController#create as */*
  Parameters: {"password"=>"[FILTERED]", "username"=>"bellom5", "user"=>{"username"=>"bellom5"}}
  [1m[36mTRANSACTION (0.1ms)[0m  [1m[35mBEGIN[0m
  ↳ app/controllers/api/v1/users_controller.rb:14:in `create'
  [1m[36mUser Exists? (0.7ms)[0m  [1m[34mSELECT 1 AS one FROM "users" WHERE "users"."username" = $1 LIMIT $2[0m  [["username", "bellom5"], ["LIMIT", 1]]
  ↳ app/controllers/api/v1/users_controller.rb:14:in `create'
  [1m[36mTRANSACTION (0.4ms)[0m  [1m[31mROLLBACK[0m
  ↳ app/controllers/api/v1/users_controller.rb:14:in `create'
  [1m[36mUser Exists? (1.3ms)[0m  [1m[34mSELECT 1 AS one FROM "users" WHERE "users"."username" = $1 LIMIT $2[0m  [["username", "bellom5"], ["LIMIT", 1]]
  ↳ app/controllers/api/v1/users_controller.rb:16:in `create'
Completed 422 Unprocessable Entity in 11ms (Views: 0.2ms | ActiveRecord: 2.5ms | Allocations: 3081)


Started POST "/api/v1/users" for ::1 at 2021-10-07 09:58:14 +0100
Processing by Api::V1::UsersController#create as */*
  Parameters: {"username"=>"bellom5", "password"=>"[FILTERED]"}
Completed 400 Bad Request in 0ms (ActiveRecord: 0.0ms | Allocations: 121)


  
ActionController::ParameterMissing (param is missing or the value is empty: user):
  
app/controllers/api/v1/users_controller.rb:27:in `user_params'
app/controllers/api/v1/users_controller.rb:14:in `create'
Started POST "/api/v1/users" for ::1 at 2021-10-07 09:59:11 +0100
Processing by Api::V1::UsersController#create as */*
  Parameters: {"username"=>"bellom5", "password"=>"[FILTERED]"}
Completed 400 Bad Request in 4ms (ActiveRecord: 0.0ms | Allocations: 1755)


  
ActionController::ParameterMissing (param is missing or the value is empty: user):
  
app/controllers/api/v1/users_controller.rb:27:in `user_params'
app/controllers/api/v1/users_controller.rb:14:in `create'
Started POST "/api/v1/users" for ::1 at 2021-10-07 09:59:22 +0100
Processing by Api::V1::UsersController#create as */*
  Parameters: {"password"=>"[FILTERED]", "username"=>"bellom5", "user"=>{"username"=>"bellom5"}}
  [1m[36mTRANSACTION (0.1ms)[0m  [1m[35mBEGIN[0m
  ↳ app/controllers/api/v1/users_controller.rb:14:in `create'
  [1m[36mUser Exists? (0.5ms)[0m  [1m[34mSELECT 1 AS one FROM "users" WHERE "users"."username" = $1 LIMIT $2[0m  [["username", "bellom5"], ["LIMIT", 1]]
  ↳ app/controllers/api/v1/users_controller.rb:14:in `create'
  [1m[36mTRANSACTION (0.2ms)[0m  [1m[31mROLLBACK[0m
  ↳ app/controllers/api/v1/users_controller.rb:14:in `create'
Completed 204 No Content in 17ms (ActiveRecord: 10.0ms | Allocations: 4750)


Started POST "/api/v1/users" for ::1 at 2021-10-07 09:59:29 +0100
Processing by Api::V1::UsersController#create as */*
  Parameters: {"password"=>"[FILTERED]", "username"=>"bellom5", "user"=>{"username"=>"bellom5"}}
  [1m[36mTRANSACTION (0.1ms)[0m  [1m[35mBEGIN[0m
  ↳ app/controllers/api/v1/users_controller.rb:14:in `create'
  [1m[36mUser Exists? (0.7ms)[0m  [1m[34mSELECT 1 AS one FROM "users" WHERE "users"."username" = $1 LIMIT $2[0m  [["username", "bellom5"], ["LIMIT", 1]]
  ↳ app/controllers/api/v1/users_controller.rb:14:in `create'
  [1m[36mTRANSACTION (0.2ms)[0m  [1m[31mROLLBACK[0m
  ↳ app/controllers/api/v1/users_controller.rb:14:in `create'
Completed 204 No Content in 6ms (ActiveRecord: 1.0ms | Allocations: 1990)


Started POST "/api/v1/users" for ::1 at 2021-10-07 10:00:03 +0100
Processing by Api::V1::UsersController#create as */*
  Parameters: {"password"=>"[FILTERED]", "username"=>"bellom5", "user"=>{"username"=>"bellom5"}}
  [1m[36mTRANSACTION (0.7ms)[0m  [1m[35mBEGIN[0m
  ↳ app/controllers/api/v1/users_controller.rb:14:in `create'
  [1m[36mUser Exists? (0.5ms)[0m  [1m[34mSELECT 1 AS one FROM "users" WHERE "users"."username" = $1 LIMIT $2[0m  [["username", "bellom5"], ["LIMIT", 1]]
  ↳ app/controllers/api/v1/users_controller.rb:14:in `create'
  [1m[36mTRANSACTION (1.7ms)[0m  [1m[31mROLLBACK[0m
  ↳ app/controllers/api/v1/users_controller.rb:14:in `create'
Completed 204 No Content in 9ms (ActiveRecord: 2.9ms | Allocations: 1990)


  [1m[36mTRANSACTION (0.3ms)[0m  [1m[35mBEGIN[0m
  [1m[36mUser Exists? (0.5ms)[0m  [1m[34mSELECT 1 AS one FROM "users" WHERE "users"."username" = $1 LIMIT $2[0m  [["username", "bellom55"], ["LIMIT", 1]]
  [1m[36mUser Create (0.4ms)[0m  [1m[32mINSERT INTO "users" ("username", "password_digest", "created_at", "updated_at") VALUES ($1, $2, $3, $4) RETURNING "id"[0m  [["username", "bellom55"], ["password_digest", "$2a$12$0iQsQBZYlxiCuEV2HSKeVe0LxyUxHitxpNPpsjASoRlC01JxbNGm."], ["created_at", "2021-10-07 09:00:46.185742"], ["updated_at", "2021-10-07 09:00:46.185742"]]
  [1m[36mTRANSACTION (0.3ms)[0m  [1m[35mCOMMIT[0m
Started POST "/api/v1/users" for ::1 at 2021-10-07 10:01:21 +0100
  [1m[35m (1.0ms)[0m  [1m[34mSELECT "schema_migrations"."version" FROM "schema_migrations" ORDER BY "schema_migrations"."version" ASC[0m
Processing by Api::V1::UsersController#create as */*
  Parameters: {"password"=>"[FILTERED]", "username"=>"bellom5", "user"=>{"username"=>"bellom5"}}
Completed 204 No Content in 15ms (ActiveRecord: 4.3ms | Allocations: 6079)


  [1m[36mUser Load (0.3ms)[0m  [1m[34mSELECT "users".* FROM "users" /* loading for inspect */ LIMIT $1[0m  [["LIMIT", 11]]
  [1m[36mUser Load (0.4ms)[0m  [1m[34mSELECT "users".* FROM "users"[0m
  [1m[36mUser Load (0.4ms)[0m  [1m[34mSELECT "users".* FROM "users" /* loading for inspect */ LIMIT $1[0m  [["LIMIT", 11]]
  [1m[36mUser Load (0.4ms)[0m  [1m[34mSELECT "users".* FROM "users" /* loading for inspect */ LIMIT $1[0m  [["LIMIT", 11]]
  [1m[36mUser Load (0.6ms)[0m  [1m[34mSELECT "users".* FROM "users"[0m
Started POST "/api/v1/users/1" for ::1 at 2021-10-07 10:03:15 +0100
  
ActionController::RoutingError (No route matches [POST] "/api/v1/users/1"):
  
Started GET "/api/v1/users/1" for ::1 at 2021-10-07 10:03:20 +0100
Processing by Api::V1::UsersController#show as */*
  Parameters: {"password"=>"[FILTERED]", "username"=>"bellom5", "id"=>"1", "user"=>{"username"=>"bellom5"}}
Filter chain halted as :authorized rendered or redirected
Completed 401 Unauthorized in 1ms (Views: 0.4ms | ActiveRecord: 0.0ms | Allocations: 143)


Started POST "/api/v1/users" for ::1 at 2021-10-07 10:03:38 +0100
Processing by Api::V1::UsersController#create as */*
  Parameters: {"password"=>"[FILTERED]", "username"=>"bellomsean", "user"=>{"username"=>"bellomsean"}}
Completed 204 No Content in 1ms (ActiveRecord: 0.0ms | Allocations: 117)


Started GET "/api/v1/users" for ::1 at 2021-10-07 10:06:43 +0100
  [1m[35m (0.5ms)[0m  [1m[34mSELECT "schema_migrations"."version" FROM "schema_migrations" ORDER BY "schema_migrations"."version" ASC[0m
Processing by Api::V1::UsersController#index as HTML
Completed 500 Internal Server Error in 19ms (ActiveRecord: 0.0ms | Allocations: 6029)


  
NoMethodError (undefined method `json_response' for #<Api::V1::UsersController:0x007fbe496bc718>):
  
app/controllers/api/v1/users_controller.rb:9:in `index'
Started GET "/api/v1/users/1" for ::1 at 2021-10-07 10:07:49 +0100
  [1m[35m (0.5ms)[0m  [1m[34mSELECT "schema_migrations"."version" FROM "schema_migrations" ORDER BY "schema_migrations"."version" ASC[0m
Processing by Api::V1::UsersController#show as HTML
  Parameters: {"id"=>"1"}
Filter chain halted as :authorized rendered or redirected
Completed 401 Unauthorized in 1ms (Views: 0.3ms | ActiveRecord: 0.0ms | Allocations: 172)


Started GET "/api/v1/users" for ::1 at 2021-10-07 10:07:53 +0100
Processing by Api::V1::UsersController#index as HTML
Completed 500 Internal Server Error in 24ms (ActiveRecord: 0.0ms | Allocations: 6011)


  
NoMethodError (undefined method `json_response' for #<Api::V1::UsersController:0x007fda18e01308>):
  
app/controllers/api/v1/users_controller.rb:9:in `index'
Started GET "/api/v1/users/1" for ::1 at 2021-10-07 10:08:57 +0100
  [1m[35m (0.5ms)[0m  [1m[34mSELECT "schema_migrations"."version" FROM "schema_migrations" ORDER BY "schema_migrations"."version" ASC[0m
Processing by Api::V1::UsersController#show as HTML
  Parameters: {"id"=>"1"}
Filter chain halted as :authorized rendered or redirected
Completed 401 Unauthorized in 1ms (Views: 0.3ms | ActiveRecord: 0.0ms | Allocations: 172)


Started GET "/api/v1/users" for ::1 at 2021-10-07 10:09:01 +0100
Processing by Api::V1::UsersController#index as HTML
  [1m[36mUser Load (1.4ms)[0m  [1m[34mSELECT "users".* FROM "users"[0m
  ↳ app/controllers/api/v1/users_controller.rb:9:in `index'
Completed 200 OK in 46ms (Views: 23.9ms | ActiveRecord: 5.4ms | Allocations: 9332)


Started GET "/api/v1/users" for ::1 at 2021-10-07 10:09:20 +0100
Processing by Api::V1::UsersController#index as */*
  Parameters: {"password"=>"[FILTERED]", "username"=>"bellomsean", "user"=>{"username"=>"bellomsean"}}
  [1m[36mUser Load (0.3ms)[0m  [1m[34mSELECT "users".* FROM "users"[0m
  ↳ app/controllers/api/v1/users_controller.rb:9:in `index'
Completed 200 OK in 9ms (Views: 8.2ms | ActiveRecord: 0.3ms | Allocations: 1261)


  [1m[36mUser Load (1.5ms)[0m  [1m[34mSELECT "users".* FROM "users"[0m
  [1m[36mTRANSACTION (0.3ms)[0m  [1m[35mBEGIN[0m
  [1m[36mRecord Load (14.4ms)[0m  [1m[34mSELECT "records".* FROM "records" WHERE "records"."user_id" = $1[0m  [["user_id", 1]]
  [1m[36mUser Destroy (2.0ms)[0m  [1m[31mDELETE FROM "users" WHERE "users"."id" = $1[0m  [["id", 1]]
  [1m[36mTRANSACTION (6.5ms)[0m  [1m[35mCOMMIT[0m
  [1m[36mTRANSACTION (0.1ms)[0m  [1m[35mBEGIN[0m
  [1m[36mRecord Load (0.3ms)[0m  [1m[34mSELECT "records".* FROM "records" WHERE "records"."user_id" = $1[0m  [["user_id", 2]]
  [1m[36mUser Destroy (0.6ms)[0m  [1m[31mDELETE FROM "users" WHERE "users"."id" = $1[0m  [["id", 2]]
  [1m[36mTRANSACTION (6.0ms)[0m  [1m[35mCOMMIT[0m
  [1m[36mTRANSACTION (0.1ms)[0m  [1m[35mBEGIN[0m
  [1m[36mRecord Load (0.2ms)[0m  [1m[34mSELECT "records".* FROM "records" WHERE "records"."user_id" = $1[0m  [["user_id", 3]]
  [1m[36mUser Destroy (0.4ms)[0m  [1m[31mDELETE FROM "users" WHERE "users"."id" = $1[0m  [["id", 3]]
  [1m[36mTRANSACTION (5.5ms)[0m  [1m[35mCOMMIT[0m
  [1m[36mTRANSACTION (0.1ms)[0m  [1m[35mBEGIN[0m
  [1m[36mRecord Load (0.2ms)[0m  [1m[34mSELECT "records".* FROM "records" WHERE "records"."user_id" = $1[0m  [["user_id", 4]]
  [1m[36mUser Destroy (0.4ms)[0m  [1m[31mDELETE FROM "users" WHERE "users"."id" = $1[0m  [["id", 4]]
  [1m[36mTRANSACTION (5.6ms)[0m  [1m[35mCOMMIT[0m
  [1m[36mTRANSACTION (0.5ms)[0m  [1m[35mBEGIN[0m
  [1m[36mRecord Load (0.7ms)[0m  [1m[34mSELECT "records".* FROM "records" WHERE "records"."user_id" = $1[0m  [["user_id", 5]]
  [1m[36mUser Destroy (0.4ms)[0m  [1m[31mDELETE FROM "users" WHERE "users"."id" = $1[0m  [["id", 5]]
  [1m[36mTRANSACTION (0.3ms)[0m  [1m[35mCOMMIT[0m
  [1m[36mTRANSACTION (0.1ms)[0m  [1m[35mBEGIN[0m
  [1m[36mRecord Load (0.2ms)[0m  [1m[34mSELECT "records".* FROM "records" WHERE "records"."user_id" = $1[0m  [["user_id", 6]]
  [1m[36mUser Destroy (0.4ms)[0m  [1m[31mDELETE FROM "users" WHERE "users"."id" = $1[0m  [["id", 6]]
  [1m[36mTRANSACTION (0.3ms)[0m  [1m[35mCOMMIT[0m
  [1m[36mUser Load (0.3ms)[0m  [1m[34mSELECT "users".* FROM "users" /* loading for inspect */ LIMIT $1[0m  [["LIMIT", 11]]
Started GET "/api/v1/users" for ::1 at 2021-10-07 10:10:59 +0100
Processing by Api::V1::UsersController#index as */*
  Parameters: {"password"=>"[FILTERED]", "username"=>"bellomsean", "user"=>{"username"=>"bellomsean"}}
  [1m[36mUser Load (0.2ms)[0m  [1m[34mSELECT "users".* FROM "users"[0m
  ↳ app/controllers/api/v1/users_controller.rb:9:in `index'
Completed 200 OK in 3ms (Views: 2.5ms | ActiveRecord: 0.2ms | Allocations: 610)


Started GET "/api/v1/users" for ::1 at 2021-10-07 10:11:23 +0100
Processing by Api::V1::UsersController#index as */*
  [1m[36mUser Load (0.4ms)[0m  [1m[34mSELECT "users".* FROM "users"[0m
  ↳ app/controllers/api/v1/users_controller.rb:9:in `index'
Completed 200 OK in 5ms (Views: 4.1ms | ActiveRecord: 0.4ms | Allocations: 610)


Started POST "/api/v1/users" for ::1 at 2021-10-07 10:11:31 +0100
Processing by Api::V1::UsersController#create as */*
  Parameters: {"password"=>"[FILTERED]", "username"=>"bellomsean", "user"=>{"username"=>"bellomsean"}}
Completed 204 No Content in 1ms (ActiveRecord: 0.0ms | Allocations: 134)


Started GET "/api/v1/users" for ::1 at 2021-10-07 10:11:35 +0100
Processing by Api::V1::UsersController#index as */*
  [1m[36mUser Load (0.2ms)[0m  [1m[34mSELECT "users".* FROM "users"[0m
  ↳ app/controllers/api/v1/users_controller.rb:9:in `index'
Completed 200 OK in 7ms (Views: 4.9ms | ActiveRecord: 0.2ms | Allocations: 610)


  [1m[36mTRANSACTION (0.2ms)[0m  [1m[35mBEGIN[0m
  [1m[36mUser Exists? (0.7ms)[0m  [1m[34mSELECT 1 AS one FROM "users" WHERE "users"."username" = $1 LIMIT $2[0m  [["username", "bellom"], ["LIMIT", 1]]
  [1m[36mUser Create (0.6ms)[0m  [1m[32mINSERT INTO "users" ("username", "password_digest", "created_at", "updated_at") VALUES ($1, $2, $3, $4) RETURNING "id"[0m  [["username", "bellom"], ["password_digest", "$2a$12$x8ObbHNjg5S3/joZIa0.iukttgqBT6IgU6fKn..37KUXTwSalPBo."], ["created_at", "2021-10-07 09:12:28.612250"], ["updated_at", "2021-10-07 09:12:28.612250"]]
  [1m[36mTRANSACTION (6.0ms)[0m  [1m[35mCOMMIT[0m
Started GET "/api/v1/users" for ::1 at 2021-10-07 10:12:36 +0100
Processing by Api::V1::UsersController#index as */*
  [1m[36mUser Load (0.4ms)[0m  [1m[34mSELECT "users".* FROM "users"[0m
  ↳ app/controllers/api/v1/users_controller.rb:9:in `index'
Completed 200 OK in 7ms (Views: 6.5ms | ActiveRecord: 0.4ms | Allocations: 734)


Started POST "/api/v1/users" for ::1 at 2021-10-07 10:15:13 +0100
Processing by Api::V1::UsersController#create as */*
  Parameters: {"password"=>"[FILTERED]", "username"=>"bellomsean", "user"=>{"username"=>"bellomsean"}}
Completed 200 OK in 8ms (Views: 0.2ms | ActiveRecord: 6.0ms | Allocations: 2828)


Started GET "/api/v1/users" for ::1 at 2021-10-07 10:15:26 +0100
Processing by Api::V1::UsersController#index as */*
  [1m[36mUser Load (0.2ms)[0m  [1m[34mSELECT "users".* FROM "users"[0m
  ↳ app/controllers/api/v1/users_controller.rb:9:in `index'
Completed 200 OK in 3ms (Views: 2.5ms | ActiveRecord: 0.2ms | Allocations: 771)


Started POST "/api/v1/users" for ::1 at 2021-10-07 10:16:33 +0100
Processing by Api::V1::UsersController#create as */*
  Parameters: {"password"=>"[FILTERED]", "username"=>"bellomsean", "user"=>{"username"=>"bellomsean"}}
Completed 500 Internal Server Error in 7ms (ActiveRecord: 3.8ms | Allocations: 3186)


  
NoMethodError (undefined method `all' for nil:NilClass):
  
app/controllers/api/v1/users_controller.rb:18:in `create'
Started POST "/api/v1/users" for ::1 at 2021-10-07 10:16:47 +0100
Processing by Api::V1::UsersController#create as */*
  Parameters: {"password"=>"[FILTERED]", "username"=>"bellomsean", "user"=>{"username"=>"bellomsean"}}
  [1m[36mUser Load (0.2ms)[0m  [1m[34mSELECT "users".* FROM "users"[0m
  ↳ app/controllers/api/v1/users_controller.rb:18:in `create'
Completed 200 OK in 9ms (Views: 1.5ms | ActiveRecord: 5.0ms | Allocations: 3477)


Started POST "/api/v1/users" for ::1 at 2021-10-07 10:17:18 +0100
Processing by Api::V1::UsersController#create as */*
  Parameters: {"username"=>"bellom5", "password"=>"[FILTERED]"}
Completed 400 Bad Request in 0ms (ActiveRecord: 0.0ms | Allocations: 116)


  
ActionController::ParameterMissing (param is missing or the value is empty: user):
  
app/controllers/api/v1/users_controller.rb:33:in `user_params'
app/controllers/api/v1/users_controller.rb:17:in `create'
Started POST "/api/v1/users" for ::1 at 2021-10-07 10:18:42 +0100
Processing by Api::V1::UsersController#create as */*
  Parameters: {"username"=>"bellom5", "password"=>"[FILTERED]"}
Completed 400 Bad Request in 6ms (ActiveRecord: 0.0ms | Allocations: 1740)


  
ActionController::ParameterMissing (param is missing or the value is empty: user):
  
app/controllers/api/v1/users_controller.rb:33:in `user_params'
app/controllers/api/v1/users_controller.rb:17:in `create'
Started POST "/api/v1/users" for ::1 at 2021-10-07 10:20:43 +0100
  [1m[35m (0.6ms)[0m  [1m[34mSELECT "schema_migrations"."version" FROM "schema_migrations" ORDER BY "schema_migrations"."version" ASC[0m
Processing by Api::V1::UsersController#create as */*
  Parameters: {"username"=>"bellom5", "password"=>"[FILTERED]"}
Completed 400 Bad Request in 14ms (ActiveRecord: 0.0ms | Allocations: 5460)


  
ActionController::ParameterMissing (param is missing or the value is empty: user):
  
app/controllers/api/v1/users_controller.rb:33:in `user_params'
app/controllers/api/v1/users_controller.rb:17:in `create'
Started POST "/api/v1/users" for ::1 at 2021-10-07 10:21:48 +0100
Processing by Api::V1::UsersController#create as */*
  Parameters: {"username"=>"bellom1", "password"=>"[FILTERED]", "user"=>{"username"=>"bellom1"}}
  [1m[36mTRANSACTION (0.2ms)[0m  [1m[35mBEGIN[0m
  ↳ app/controllers/api/v1/users_controller.rb:17:in `create'
  [1m[36mUser Exists? (0.9ms)[0m  [1m[34mSELECT 1 AS one FROM "users" WHERE "users"."username" = $1 LIMIT $2[0m  [["username", "bellom1"], ["LIMIT", 1]]
  ↳ app/controllers/api/v1/users_controller.rb:17:in `create'
  [1m[36mTRANSACTION (0.2ms)[0m  [1m[31mROLLBACK[0m
  ↳ app/controllers/api/v1/users_controller.rb:17:in `create'
Completed 422 Unprocessable Entity in 51ms (ActiveRecord: 5.8ms | Allocations: 8651)


  
ActiveRecord::RecordInvalid (Validation failed: Password can't be blank):
  
app/controllers/api/v1/users_controller.rb:17:in `create'
Started GET "/api/v1/users" for ::1 at 2021-10-07 10:26:29 +0100
Processing by Api::V1::UsersController#index as HTML
  [1m[36mUser Load (0.4ms)[0m  [1m[34mSELECT "users".* FROM "users"[0m
  ↳ app/controllers/api/v1/users_controller.rb:9:in `index'
Completed 200 OK in 36ms (Views: 13.3ms | ActiveRecord: 17.9ms | Allocations: 5605)


Started POST "/api/v1/users" for ::1 at 2021-10-07 10:30:48 +0100
Processing by Api::V1::UsersController#create as */*
  Parameters: {"username"=>"bellom1", "password"=>"[FILTERED]", "user"=>{"username"=>"bellom1"}}
  [1m[36mTRANSACTION (0.2ms)[0m  [1m[35mBEGIN[0m
  ↳ app/controllers/api/v1/users_controller.rb:20:in `create'
  [1m[36mUser Exists? (0.6ms)[0m  [1m[34mSELECT 1 AS one FROM "users" WHERE "users"."username" = $1 LIMIT $2[0m  [["username", "bellom1"], ["LIMIT", 1]]
  ↳ app/controllers/api/v1/users_controller.rb:20:in `create'
  [1m[36mTRANSACTION (0.2ms)[0m  [1m[31mROLLBACK[0m
  ↳ app/controllers/api/v1/users_controller.rb:20:in `create'
  [1m[36mUser Exists? (0.3ms)[0m  [1m[34mSELECT 1 AS one FROM "users" WHERE "users"."username" = $1 LIMIT $2[0m  [["username", "bellom1"], ["LIMIT", 1]]
  ↳ app/controllers/api/v1/users_controller.rb:22:in `create'
Completed 422 Unprocessable Entity in 21ms (Views: 0.5ms | ActiveRecord: 7.8ms | Allocations: 5925)


Started POST "/api/v1/users" for ::1 at 2021-10-07 10:35:26 +0100
Processing by Api::V1::UsersController#create as */*
  Parameters: {"user"=>{"username"=>"bellom1", "password"=>"[FILTERED]"}}
  [1m[36mTRANSACTION (0.1ms)[0m  [1m[35mBEGIN[0m
  ↳ app/controllers/api/v1/users_controller.rb:20:in `create'
  [1m[36mUser Exists? (0.3ms)[0m  [1m[34mSELECT 1 AS one FROM "users" WHERE "users"."username" = $1 LIMIT $2[0m  [["username", "bellom1"], ["LIMIT", 1]]
  ↳ app/controllers/api/v1/users_controller.rb:20:in `create'
  [1m[36mUser Create (2.6ms)[0m  [1m[32mINSERT INTO "users" ("username", "password_digest", "created_at", "updated_at") VALUES ($1, $2, $3, $4) RETURNING "id"[0m  [["username", "bellom1"], ["password_digest", "$2a$12$amvCazEKnI114/WtLrRdreZG43wBHIQvxj.LhHOFDvdZkmNBS.ACG"], ["created_at", "2021-10-07 09:35:26.381748"], ["updated_at", "2021-10-07 09:35:26.381748"]]
  ↳ app/controllers/api/v1/users_controller.rb:20:in `create'
  [1m[36mTRANSACTION (0.9ms)[0m  [1m[35mCOMMIT[0m
  ↳ app/controllers/api/v1/users_controller.rb:20:in `create'
  [1m[36mUser Exists? (0.7ms)[0m  [1m[34mSELECT 1 AS one FROM "users" WHERE "users"."username" = $1 AND "users"."id" != $2 LIMIT $3[0m  [["username", "bellom1"], ["id", 8], ["LIMIT", 1]]
  ↳ app/controllers/api/v1/users_controller.rb:22:in `create'
Completed 201 Created in 310ms (Views: 0.4ms | ActiveRecord: 4.6ms | Allocations: 3665)


Started GET "/" for ::1 at 2021-10-07 10:37:18 +0100
Processing by Rails::WelcomeController#index as HTML
  Rendering /Library/Ruby/Gems/2.6.0/gems/railties-6.1.4.1/lib/rails/templates/rails/welcome/index.html.erb
  Rendered /Library/Ruby/Gems/2.6.0/gems/railties-6.1.4.1/lib/rails/templates/rails/welcome/index.html.erb (Duration: 10.1ms | Allocations: 317)
Completed 200 OK in 71ms (Views: 15.9ms | ActiveRecord: 0.0ms | Allocations: 2448)


Started GET "/api/v1/users" for ::1 at 2021-10-07 10:37:24 +0100
Processing by Api::V1::UsersController#index as HTML
  [1m[36mUser Load (0.4ms)[0m  [1m[34mSELECT "users".* FROM "users"[0m
  ↳ app/controllers/api/v1/users_controller.rb:9:in `index'
Completed 200 OK in 5ms (Views: 4.2ms | ActiveRecord: 0.4ms | Allocations: 853)


Started POST "/api/v1/users" for ::1 at 2021-10-07 10:45:00 +0100
Processing by Api::V1::UsersController#create as */*
  Parameters: {"user"=>{"username"=>"bellom2", "password"=>"[FILTERED]"}}
  [1m[36mTRANSACTION (0.2ms)[0m  [1m[35mBEGIN[0m
  ↳ app/controllers/api/v1/users_controller.rb:12:in `create'
  [1m[36mUser Exists? (1.2ms)[0m  [1m[34mSELECT 1 AS one FROM "users" WHERE "users"."username" = $1 LIMIT $2[0m  [["username", "bellom2"], ["LIMIT", 1]]
  ↳ app/controllers/api/v1/users_controller.rb:12:in `create'
  [1m[36mUser Create (1.2ms)[0m  [1m[32mINSERT INTO "users" ("username", "password_digest", "created_at", "updated_at") VALUES ($1, $2, $3, $4) RETURNING "id"[0m  [["username", "bellom2"], ["password_digest", "$2a$12$JcInG5GVhLtKtF0N.nNo..rS1ydFTr4ntT81ccnQwC06cHiq.ROme"], ["created_at", "2021-10-07 09:45:01.386223"], ["updated_at", "2021-10-07 09:45:01.386223"]]
  ↳ app/controllers/api/v1/users_controller.rb:12:in `create'
  [1m[36mTRANSACTION (1.9ms)[0m  [1m[35mCOMMIT[0m
  ↳ app/controllers/api/v1/users_controller.rb:12:in `create'
  [1m[36mUser Exists? (0.4ms)[0m  [1m[34mSELECT 1 AS one FROM "users" WHERE "users"."username" = $1 AND "users"."id" != $2 LIMIT $3[0m  [["username", "bellom2"], ["id", 9], ["LIMIT", 1]]
  ↳ app/controllers/api/v1/users_controller.rb:14:in `create'
Completed 201 Created in 341ms (Views: 0.7ms | ActiveRecord: 14.1ms | Allocations: 8579)


Started POST "/api/v1/users" for ::1 at 2021-10-07 11:06:28 +0100
Processing by Api::V1::UsersController#create as HTML
  Parameters: {"user"=>{"username"=>"bellom619", "password"=>"[FILTERED]"}}
  [1m[36mTRANSACTION (0.2ms)[0m  [1m[35mBEGIN[0m
  ↳ app/controllers/api/v1/users_controller.rb:12:in `create'
  [1m[36mUser Exists? (3.9ms)[0m  [1m[34mSELECT 1 AS one FROM "users" WHERE "users"."username" = $1 LIMIT $2[0m  [["username", "bellom619"], ["LIMIT", 1]]
  ↳ app/controllers/api/v1/users_controller.rb:12:in `create'
  [1m[36mUser Create (0.5ms)[0m  [1m[32mINSERT INTO "users" ("username", "password_digest", "created_at", "updated_at") VALUES ($1, $2, $3, $4) RETURNING "id"[0m  [["username", "bellom619"], ["password_digest", "$2a$12$08sAS0r2abAmVr7QPQWf1uWr.dJpzoiqPCz5s8Wu/ASvj7WKKo/IC"], ["created_at", "2021-10-07 10:06:28.558676"], ["updated_at", "2021-10-07 10:06:28.558676"]]
  ↳ app/controllers/api/v1/users_controller.rb:12:in `create'
  [1m[36mTRANSACTION (0.7ms)[0m  [1m[35mCOMMIT[0m
  ↳ app/controllers/api/v1/users_controller.rb:12:in `create'
  [1m[36mUser Exists? (0.3ms)[0m  [1m[34mSELECT 1 AS one FROM "users" WHERE "users"."username" = $1 AND "users"."id" != $2 LIMIT $3[0m  [["username", "bellom619"], ["id", 10], ["LIMIT", 1]]
  ↳ app/controllers/api/v1/users_controller.rb:14:in `create'
Completed 201 Created in 359ms (Views: 0.8ms | ActiveRecord: 17.2ms | Allocations: 5472)


Started GET "/api/v1/items" for ::1 at 2021-10-07 11:06:28 +0100
Started GET "/api/v1/records" for ::1 at 2021-10-07 11:06:28 +0100
Processing by Api::V1::RecordsController#index as HTML
  [1m[36mUser Load (0.8ms)[0m  [1m[34mSELECT "users".* FROM "users" WHERE "users"."id" = $1 LIMIT $2[0m  [["id", 10], ["LIMIT", 1]]
  ↳ app/controllers/application_controller.rb:38:in `logged_in_user'
  [1m[36mRecord Load (1.4ms)[0m  [1m[34mSELECT "records".* FROM "records" WHERE "records"."user_id" = $1 /* loading for inspect */ LIMIT $2[0m  [["user_id", 10], ["LIMIT", 11]]
  [1m[36mCACHE Record Load (0.0ms)[0m  [1m[34mSELECT "records".* FROM "records" WHERE "records"."user_id" = $1 /* loading for inspect */ LIMIT $2[0m  [["user_id", 10], ["LIMIT", 11]]
Completed 500 Internal Server Error in 200ms (ActiveRecord: 4.9ms | Allocations: 8696)


  [1m[36mCACHE Record Load (0.0ms)[0m  [1m[34mSELECT "records".* FROM "records" WHERE "records"."user_id" = $1 /* loading for inspect */ LIMIT $2[0m  [["user_id", 10], ["LIMIT", 11]]
Processing by Api::V1::ItemsController#index as HTML
  
NameError (undefined local variable or method `desc' for #<ActiveRecord::AssociationRelation []>):
  
app/models/record.rb:6:in `block in <class:Record>'
app/models/record.rb:9:in `all_records'
app/controllers/api/v1/records_controller.rb:8:in `index'
  [1m[36mItem Load (3.4ms)[0m  [1m[34mSELECT "items".* FROM "items" ORDER BY "items"."title" ASC[0m
  ↳ app/controllers/api/v1/items_controller.rb:9:in `index'
Completed 200 OK in 145ms (Views: 1.6ms | ActiveRecord: 13.3ms | Allocations: 64115)


Started GET "/api/v1/items" for ::1 at 2021-10-07 11:06:35 +0100
Processing by Api::V1::ItemsController#index as HTML
  [1m[36mItem Load (0.9ms)[0m  [1m[34mSELECT "items".* FROM "items" ORDER BY "items"."title" ASC[0m
  ↳ app/controllers/api/v1/items_controller.rb:9:in `index'
Completed 200 OK in 4ms (Views: 1.3ms | ActiveRecord: 0.9ms | Allocations: 654)


Started GET "/api/v1/users" for ::1 at 2021-10-07 11:06:44 +0100
  
AbstractController::ActionNotFound (The action 'index' could not be found for Api::V1::UsersController):
  
actionpack (6.1.4.1) lib/abstract_controller/base.rb:160:in `process'
actionpack (6.1.4.1) lib/action_controller/metal.rb:190:in `dispatch'
actionpack (6.1.4.1) lib/action_controller/metal.rb:254:in `dispatch'
actionpack (6.1.4.1) lib/action_dispatch/routing/route_set.rb:50:in `dispatch'
actionpack (6.1.4.1) lib/action_dispatch/routing/route_set.rb:33:in `serve'
actionpack (6.1.4.1) lib/action_dispatch/journey/router.rb:50:in `block in serve'
actionpack (6.1.4.1) lib/action_dispatch/journey/router.rb:32:in `each'
actionpack (6.1.4.1) lib/action_dispatch/journey/router.rb:32:in `serve'
actionpack (6.1.4.1) lib/action_dispatch/routing/route_set.rb:842:in `call'
rack (2.2.3) lib/rack/etag.rb:27:in `call'
rack (2.2.3) lib/rack/conditional_get.rb:27:in `call'
rack (2.2.3) lib/rack/head.rb:12:in `call'
activerecord (6.1.4.1) lib/active_record/migration.rb:601:in `call'
actionpack (6.1.4.1) lib/action_dispatch/middleware/callbacks.rb:27:in `block in call'
activesupport (6.1.4.1) lib/active_support/callbacks.rb:98:in `run_callbacks'
actionpack (6.1.4.1) lib/action_dispatch/middleware/callbacks.rb:26:in `call'
actionpack (6.1.4.1) lib/action_dispatch/middleware/executor.rb:14:in `call'
actionpack (6.1.4.1) lib/action_dispatch/middleware/actionable_exceptions.rb:18:in `call'
actionpack (6.1.4.1) lib/action_dispatch/middleware/debug_exceptions.rb:29:in `call'
actionpack (6.1.4.1) lib/action_dispatch/middleware/show_exceptions.rb:33:in `call'
railties (6.1.4.1) lib/rails/rack/logger.rb:37:in `call_app'
railties (6.1.4.1) lib/rails/rack/logger.rb:26:in `block in call'
activesupport (6.1.4.1) lib/active_support/tagged_logging.rb:99:in `block in tagged'
activesupport (6.1.4.1) lib/active_support/tagged_logging.rb:37:in `tagged'
activesupport (6.1.4.1) lib/active_support/tagged_logging.rb:99:in `tagged'
railties (6.1.4.1) lib/rails/rack/logger.rb:26:in `call'
actionpack (6.1.4.1) lib/action_dispatch/middleware/remote_ip.rb:81:in `call'
actionpack (6.1.4.1) lib/action_dispatch/middleware/request_id.rb:26:in `call'
rack (2.2.3) lib/rack/runtime.rb:22:in `call'
activesupport (6.1.4.1) lib/active_support/cache/strategy/local_cache_middleware.rb:29:in `call'
actionpack (6.1.4.1) lib/action_dispatch/middleware/executor.rb:14:in `call'
actionpack (6.1.4.1) lib/action_dispatch/middleware/static.rb:24:in `call'
rack (2.2.3) lib/rack/sendfile.rb:110:in `call'
actionpack (6.1.4.1) lib/action_dispatch/middleware/host_authorization.rb:98:in `call'
rack-cors (1.1.1) lib/rack/cors.rb:100:in `call'
railties (6.1.4.1) lib/rails/engine.rb:539:in `call'
puma (5.5.0) lib/puma/configuration.rb:249:in `call'
puma (5.5.0) lib/puma/request.rb:77:in `block in handle_request'
puma (5.5.0) lib/puma/thread_pool.rb:340:in `with_force_shutdown'
puma (5.5.0) lib/puma/request.rb:76:in `handle_request'
puma (5.5.0) lib/puma/server.rb:447:in `process_client'
puma (5.5.0) lib/puma/thread_pool.rb:147:in `block in spawn_thread'
Started GET "/api/v1/users" for ::1 at 2021-10-07 11:07:39 +0100
Processing by Api::V1::UsersController#index as HTML
  [1m[36mUser Load (1.0ms)[0m  [1m[34mSELECT "users".* FROM "users"[0m
  ↳ app/controllers/api/v1/users_controller.rb:9:in `index'
Completed 200 OK in 19ms (Views: 7.4ms | ActiveRecord: 6.3ms | Allocations: 5858)


Started GET "/api/v1/items" for ::1 at 2021-10-07 11:08:20 +0100
Processing by Api::V1::ItemsController#index as HTML
  [1m[36mItem Load (0.3ms)[0m  [1m[34mSELECT "items".* FROM "items" ORDER BY "items"."title" ASC[0m
  ↳ app/controllers/api/v1/items_controller.rb:9:in `index'
Completed 200 OK in 10ms (Views: 1.1ms | ActiveRecord: 2.0ms | Allocations: 2629)


Started GET "/api/v1/items" for ::1 at 2021-10-07 11:08:22 +0100
Processing by Api::V1::ItemsController#index as HTML
Started GET "/api/v1/records" for ::1 at 2021-10-07 11:08:22 +0100
Processing by Api::V1::RecordsController#index as HTML
  [1m[36mItem Load (4.7ms)[0m  [1m[34mSELECT "items".* FROM "items" ORDER BY "items"."title" ASC[0m
Filter chain halted as :authorized rendered or redirected
Completed 401 Unauthorized in 2ms (Views: 0.3ms | ActiveRecord: 0.0ms | Allocations: 570)


  ↳ app/controllers/api/v1/items_controller.rb:9:in `index'
Completed 200 OK in 10ms (Views: 3.8ms | ActiveRecord: 4.7ms | Allocations: 2180)


Started GET "/api/v1/items" for ::1 at 2021-10-07 11:08:29 +0100
Processing by Api::V1::ItemsController#index as HTML
  [1m[36mItem Load (0.5ms)[0m  [1m[34mSELECT "items".* FROM "items" ORDER BY "items"."title" ASC[0m
  ↳ app/controllers/api/v1/items_controller.rb:9:in `index'
Completed 200 OK in 19ms (Views: 2.1ms | ActiveRecord: 0.5ms | Allocations: 654)


  [1m[36mUser Load (0.7ms)[0m  [1m[34mSELECT "users".* FROM "users"[0m
  [1m[36mTRANSACTION (0.2ms)[0m  [1m[35mBEGIN[0m
  [1m[36mRecord Load (0.9ms)[0m  [1m[34mSELECT "records".* FROM "records" WHERE "records"."user_id" = $1[0m  [["user_id", 7]]
  [1m[36mUser Destroy (0.7ms)[0m  [1m[31mDELETE FROM "users" WHERE "users"."id" = $1[0m  [["id", 7]]
  [1m[36mTRANSACTION (6.5ms)[0m  [1m[35mCOMMIT[0m
  [1m[36mTRANSACTION (0.1ms)[0m  [1m[35mBEGIN[0m
  [1m[36mRecord Load (0.3ms)[0m  [1m[34mSELECT "records".* FROM "records" WHERE "records"."user_id" = $1[0m  [["user_id", 8]]
  [1m[36mUser Destroy (0.4ms)[0m  [1m[31mDELETE FROM "users" WHERE "users"."id" = $1[0m  [["id", 8]]
  [1m[36mTRANSACTION (5.7ms)[0m  [1m[35mCOMMIT[0m
  [1m[36mTRANSACTION (0.1ms)[0m  [1m[35mBEGIN[0m
  [1m[36mRecord Load (0.4ms)[0m  [1m[34mSELECT "records".* FROM "records" WHERE "records"."user_id" = $1[0m  [["user_id", 9]]
  [1m[36mUser Destroy (0.4ms)[0m  [1m[31mDELETE FROM "users" WHERE "users"."id" = $1[0m  [["id", 9]]
  [1m[36mTRANSACTION (4.4ms)[0m  [1m[35mCOMMIT[0m
  [1m[36mTRANSACTION (0.1ms)[0m  [1m[35mBEGIN[0m
  [1m[36mRecord Load (0.2ms)[0m  [1m[34mSELECT "records".* FROM "records" WHERE "records"."user_id" = $1[0m  [["user_id", 10]]
  [1m[36mUser Destroy (0.4ms)[0m  [1m[31mDELETE FROM "users" WHERE "users"."id" = $1[0m  [["id", 10]]
  [1m[36mTRANSACTION (0.7ms)[0m  [1m[35mCOMMIT[0m
